This is pdfTeX, Version 3.1415926-1.40.9 (MiKTeX 2.7) (preloaded format=pdflatex 2009.3.9)  22 MAR 2011 13:36
entering extended mode
**d:/RCompile/scatterplot3d/inst/doc/s3d.tex
(d:/RCompile/scatterplot3d/inst/doc/s3d.tex
LaTeX2e <2005/12/01>
Babel <v3.8l> and hyphenation patterns for english, dumylang, nohyphenation, ge
rman, ngerman, german-x-2008-06-18, ngerman-x-2008-06-18, french, loaded.
\@input{SFBs3d_Def.aux}
(SFBs3d_Def.tex (d:\Compiler\texmf\tex\latex\base\article.cls
Document Class: article 2005/09/16 v1.4f Standard LaTeX document class
(d:\Compiler\texmf\tex\latex\base\size12.clo
File: size12.clo 2005/09/16 v1.4f Standard LaTeX file (size option)
)
\c@part=\count79
\c@section=\count80
\c@subsection=\count81
\c@subsubsection=\count82
\c@paragraph=\count83
\c@subparagraph=\count84
\c@figure=\count85
\c@table=\count86
\abovecaptionskip=\skip41
\belowcaptionskip=\skip42
\bibindent=\dimen102
) (d:\Compiler\texmf\tex\latex\umlaute\umlaute.sty
Package: umlaute 2006/01/29 v2.1 umlaute package (AS)

Package umlaute Warning: This package has been superseeded by the `inputenc' pa
ckage on input line 32.

(d:\Compiler\texmf\tex\latex\base\inputenc.sty
Package: inputenc 2006/05/05 v1.1b Input encoding file
\inpenc@prehook=\toks14
\inpenc@posthook=\toks15
(d:\Compiler\texmf\tex\latex\base\latin1.def
File: latin1.def 2006/05/05 v1.1b Input encoding file
))) (d:\Compiler\texmf\tex\latex\tools\verbatim.sty
Package: verbatim 2003/08/22 v1.5q LaTeX2e package for verbatim enhancements
\every@verbatim=\toks16
\verbatim@line=\toks17
\verbatim@in@stream=\read1
) (d:\Compiler\texmf\tex\latex\fancyvrb\fancyvrb.sty
Package: fancyvrb 2008/02/07

Style option: `fancyvrb' v2.7a, with DG/SPQR fixes, and firstline=lastline fix 
<2008/02/07> (tvz) (d:\Compiler\texmf\tex\latex\graphics\keyval.sty
Package: keyval 1999/03/16 v1.13 key=value parser (DPC)
\KV@toks@=\toks18
)
\FV@CodeLineNo=\count87
\FV@InFile=\read2
\FV@TabBox=\box26
\c@FancyVerbLine=\count88
\FV@StepNumber=\count89
\FV@OutFile=\write3
) (d:\Compiler\texmf\tex\latex\tools\array.sty
Package: array 2005/08/23 v2.4b Tabular extension package (FMi)
\col@sep=\dimen103
\extrarowheight=\dimen104
\NC@list=\toks19
\extratabsurround=\skip43
\backup@length=\skip44
) (srcltx.sty
Package: srcltx 2004/05/15 v1.4 Source specials for inverse search in DVI files

\src@lastline=\count90
\src@new@everypar=\toks20
\src@new@output=\toks21
) (d:\Compiler\texmf\tex\latex\amsmath\amsmath.sty
Package: amsmath 2000/07/18 v2.13 AMS math features
\@mathmargin=\skip45
For additional information on amsmath, use the `?' option.
(d:\Compiler\texmf\tex\latex\amsmath\amstext.sty
Package: amstext 2000/06/29 v2.01
(d:\Compiler\texmf\tex\latex\amsmath\amsgen.sty
File: amsgen.sty 1999/11/30 v2.0
\@emptytoks=\toks22
\ex@=\dimen105
)) (d:\Compiler\texmf\tex\latex\amsmath\amsbsy.sty
Package: amsbsy 1999/11/29 v1.2d
\pmbraise@=\dimen106
) (d:\Compiler\texmf\tex\latex\amsmath\amsopn.sty
Package: amsopn 1999/12/14 v2.01 operator names
)
\inf@bad=\count91
LaTeX Info: Redefining \frac on input line 211.
\uproot@=\count92
\leftroot@=\count93
LaTeX Info: Redefining \overline on input line 307.
\classnum@=\count94
\DOTSCASE@=\count95
LaTeX Info: Redefining \ldots on input line 379.
LaTeX Info: Redefining \dots on input line 382.
LaTeX Info: Redefining \cdots on input line 467.
\Mathstrutbox@=\box27
\strutbox@=\box28
\big@size=\dimen107
LaTeX Font Info:    Redeclaring font encoding OML on input line 567.
LaTeX Font Info:    Redeclaring font encoding OMS on input line 568.
\macc@depth=\count96
\c@MaxMatrixCols=\count97
\dotsspace@=\muskip10
\c@parentequation=\count98
\dspbrk@lvl=\count99
\tag@help=\toks23
\row@=\count100
\column@=\count101
\maxfields@=\count102
\andhelp@=\toks24
\eqnshift@=\dimen108
\alignsep@=\dimen109
\tagshift@=\dimen110
\tagwidth@=\dimen111
\totwidth@=\dimen112
\lineht@=\dimen113
\@envbody=\toks25
\multlinegap=\skip46
\multlinetaggap=\skip47
\mathdisplay@stack=\toks26
LaTeX Info: Redefining \[ on input line 2666.
LaTeX Info: Redefining \] on input line 2667.
) (d:\Compiler\texmf\tex\latex\amscls\amsthm.sty
Package: amsthm 2004/08/06 v2.20
\thm@style=\toks27
\thm@bodyfont=\toks28
\thm@headfont=\toks29
\thm@notefont=\toks30
\thm@headpunct=\toks31
\thm@preskip=\skip48
\thm@postskip=\skip49
\thm@headsep=\skip50
\dth@everypar=\toks32
) (d:\Compiler\texmf\tex\latex\amsfonts\amssymb.sty
Package: amssymb 2002/01/22 v2.2d
(d:\Compiler\texmf\tex\latex\amsfonts\amsfonts.sty
Package: amsfonts 2001/10/25 v2.2f
\symAMSa=\mathgroup4
\symAMSb=\mathgroup5
LaTeX Font Info:    Overwriting math alphabet `\mathfrak' in version `bold'
(Font)                  U/euf/m/n --> U/euf/b/n on input line 132.
)) (d:\Compiler\texmf\tex\latex\graphics\graphicx.sty
Package: graphicx 1999/02/16 v1.0f Enhanced LaTeX Graphics (DPC,SPQR)
(d:\Compiler\texmf\tex\latex\graphics\graphics.sty
Package: graphics 2006/02/20 v1.0o Standard LaTeX Graphics (DPC,SPQR)
(d:\Compiler\texmf\tex\latex\graphics\trig.sty
Package: trig 1999/03/16 v1.09 sin cos tan (DPC)
) (d:\Compiler\texmf\tex\latex\00miktex\graphics.cfg
File: graphics.cfg 2007/01/18 v1.5 graphics configuration of teTeX/TeXLive
)
Package graphics Info: Driver file: pdftex.def on input line 90.
:<+ pdftex.def
(d:\Compiler\texmf\tex\latex\pdftex-def\pdftex.def
File: pdftex.def 2008/09/08 v0.04l Graphics/color for pdfTeX
\Gread@gobject=\count103
)
:<-
)
\Gin@req@height=\dimen114
\Gin@req@width=\dimen115
) (d:\Compiler\texmf\tex\latex\float\float.sty
Package: float 2001/11/08 v1.3d Float enhancements (AL)
\c@float@type=\count104
\float@exts=\toks33
\float@box=\box29
\@float@everytoks=\toks34
\@floatcapt=\box30
) (d:\Compiler\texmf\tex\latex\graphics\color.sty
Package: color 2005/11/14 v1.0j Standard LaTeX Color (DPC)
(d:\Compiler\texmf\tex\latex\00miktex\color.cfg
File: color.cfg 2007/01/18 v1.5 color configuration of teTeX/TeXLive
)
Package color Info: Driver file: pdftex.def on input line 130.
) (Rd.sty
Package: Rd 
(d:\Compiler\texmf\tex\latex\base\ifthen.sty
Package: ifthen 2001/05/26 v1.1c Standard LaTeX ifthen package (DPC)
) (d:\Compiler\texmf\tex\latex\tools\longtable.sty
Package: longtable 2004/02/01 v4.11 Multi-page Table package (DPC)
\LTleft=\skip51
\LTright=\skip52
\LTpre=\skip53
\LTpost=\skip54
\LTchunksize=\count105
\LTcapwidth=\dimen116
\LT@head=\box31
\LT@firsthead=\box32
\LT@foot=\box33
\LT@lastfoot=\box34
\LT@cols=\count106
\LT@rows=\count107
\c@LT@tables=\count108
\c@LT@chunks=\count109
\LT@p@ftn=\toks35
) (d:\Compiler\texmf\tex\latex\tools\bm.sty
Package: bm 2004/02/26 v1.1c Bold Symbol Support (DPC/FMi)
\symboldoperators=\mathgroup6
\symboldletters=\mathgroup7
\symboldsymbols=\mathgroup8
LaTeX Font Info:    Redeclaring math alphabet \mathbf on input line 137.
LaTeX Info: Redefining \bm on input line 203.
) (d:\Compiler\texmf\tex\latex\base\alltt.sty
Package: alltt 1997/06/16 v2.0g defines alltt environment
) (d:\Compiler\texmf\tex\latex\ltxmisc\url.sty
\Urlmuskip=\muskip11
Package: url 2006/04/12  ver 3.3  Verb mode for urls, etc.
) (d:/Rcompile/recent/R-2.12.2/share/texmf/tex/latex\upquote.sty
Package: upquote 2003/08/11 v1.1 Covington's upright-quote modification to verb
atim and verb
(d:\Compiler\texmf\tex\latex\base\textcomp.sty
Package: textcomp 2005/09/27 v1.99g Standard LaTeX package
Package textcomp Info: Sub-encoding information:
(textcomp)               5 = only ISO-Adobe without \textcurrency
(textcomp)               4 = 5 + \texteuro
(textcomp)               3 = 4 + \textohm
(textcomp)               2 = 3 + \textestimated + \textcurrency
(textcomp)               1 = TS1 - \textcircled - \t
(textcomp)               0 = TS1 (full)
(textcomp)             Font families with sub-encoding setting implement
(textcomp)             only a restricted character set as indicated.
(textcomp)             Family '?' is the default used for unknown fonts.
(textcomp)             See the documentation for details.
Package textcomp Info: Setting ? sub-encoding to TS1/1 on input line 71.
:<+ ts1enc.def
(d:\Compiler\texmf\tex\latex\base\ts1enc.def
File: ts1enc.def 2001/06/05 v3.0e (jk/car/fm) Standard LaTeX file
)
:<-
LaTeX Info: Redefining \oldstylenums on input line 266.
Package textcomp Info: Setting cmr sub-encoding to TS1/0 on input line 281.
Package textcomp Info: Setting cmss sub-encoding to TS1/0 on input line 282.
Package textcomp Info: Setting cmtt sub-encoding to TS1/0 on input line 283.
Package textcomp Info: Setting cmvtt sub-encoding to TS1/0 on input line 284.
Package textcomp Info: Setting cmbr sub-encoding to TS1/0 on input line 285.
Package textcomp Info: Setting cmtl sub-encoding to TS1/0 on input line 286.
Package textcomp Info: Setting ccr sub-encoding to TS1/0 on input line 287.
Package textcomp Info: Setting ptm sub-encoding to TS1/4 on input line 288.
Package textcomp Info: Setting pcr sub-encoding to TS1/4 on input line 289.
Package textcomp Info: Setting phv sub-encoding to TS1/4 on input line 290.
Package textcomp Info: Setting ppl sub-encoding to TS1/3 on input line 291.
Package textcomp Info: Setting pag sub-encoding to TS1/4 on input line 292.
Package textcomp Info: Setting pbk sub-encoding to TS1/4 on input line 293.
Package textcomp Info: Setting pnc sub-encoding to TS1/4 on input line 294.
Package textcomp Info: Setting pzc sub-encoding to TS1/4 on input line 295.
Package textcomp Info: Setting bch sub-encoding to TS1/4 on input line 296.
Package textcomp Info: Setting put sub-encoding to TS1/5 on input line 297.
Package textcomp Info: Setting uag sub-encoding to TS1/5 on input line 298.
Package textcomp Info: Setting ugq sub-encoding to TS1/5 on input line 299.
Package textcomp Info: Setting ul8 sub-encoding to TS1/4 on input line 300.
Package textcomp Info: Setting ul9 sub-encoding to TS1/4 on input line 301.
Package textcomp Info: Setting augie sub-encoding to TS1/5 on input line 302.
Package textcomp Info: Setting dayrom sub-encoding to TS1/3 on input line 303.
Package textcomp Info: Setting dayroms sub-encoding to TS1/3 on input line 304.

Package textcomp Info: Setting pxr sub-encoding to TS1/0 on input line 305.
Package textcomp Info: Setting pxss sub-encoding to TS1/0 on input line 306.
Package textcomp Info: Setting pxtt sub-encoding to TS1/0 on input line 307.
Package textcomp Info: Setting txr sub-encoding to TS1/0 on input line 308.
Package textcomp Info: Setting txss sub-encoding to TS1/0 on input line 309.
Package textcomp Info: Setting txtt sub-encoding to TS1/0 on input line 310.
Package textcomp Info: Setting futs sub-encoding to TS1/4 on input line 311.
Package textcomp Info: Setting futx sub-encoding to TS1/4 on input line 312.
Package textcomp Info: Setting futj sub-encoding to TS1/4 on input line 313.
Package textcomp Info: Setting hlh sub-encoding to TS1/3 on input line 314.
Package textcomp Info: Setting hls sub-encoding to TS1/3 on input line 315.
Package textcomp Info: Setting hlst sub-encoding to TS1/3 on input line 316.
Package textcomp Info: Setting hlct sub-encoding to TS1/5 on input line 317.
Package textcomp Info: Setting hlx sub-encoding to TS1/5 on input line 318.
Package textcomp Info: Setting hlce sub-encoding to TS1/5 on input line 319.
Package textcomp Info: Setting hlcn sub-encoding to TS1/5 on input line 320.
Package textcomp Info: Setting hlcw sub-encoding to TS1/5 on input line 321.
Package textcomp Info: Setting hlcf sub-encoding to TS1/5 on input line 322.
Package textcomp Info: Setting pplx sub-encoding to TS1/3 on input line 323.
Package textcomp Info: Setting pplj sub-encoding to TS1/3 on input line 324.
Package textcomp Info: Setting ptmx sub-encoding to TS1/4 on input line 325.
Package textcomp Info: Setting ptmj sub-encoding to TS1/4 on input line 326.
))
\ldescriptionwidth=\skip55
NOT loading ae NOT loading times NOT loading lmodern) (chicago.sty
Using Chicago Manual of Style bibliography: 31 August 1992
\bibhang=\skip56
\bibindent=\dimen117
) (d:\Compiler\texmf\tex\latex\hyperref\hyperref.sty
Package: hyperref 2009/02/22 v6.78p Hypertext links for LaTeX
(d:\Compiler\texmf\tex\generic\oberdiek\ifpdf.sty
Package: ifpdf 2007/12/12 v1.6 Provides the ifpdf switch (HO)
Package ifpdf Info: pdfTeX in pdf mode detected.
) (d:\Compiler\texmf\tex\generic\oberdiek\ifvtex.sty
Package: ifvtex 2008/11/04 v1.4 Switches for detecting VTeX and its modes (HO)
Package ifvtex Info: VTeX not detected.
) (d:\Compiler\texmf\tex\latex\ifxetex\ifxetex.sty
Package: ifxetex 2009/01/23 v0.5 Provides ifxetex conditional
) (d:\Compiler\texmf\tex\latex\oberdiek\hycolor.sty
Package: hycolor 2008/09/08 v1.4 Code for color options of hyperref/bookmark (H
O)
(d:\Compiler\texmf\tex\latex\oberdiek\xcolor-patch.sty
Package: xcolor-patch 2008/09/08 xcolor patch
))
\@linkdim=\dimen118
\Hy@linkcounter=\count110
\Hy@pagecounter=\count111
:<+ pd1enc.def
(d:\Compiler\texmf\tex\latex\hyperref\pd1enc.def
File: pd1enc.def 2009/02/22 v6.78p Hyperref: PDFDocEncoding definition (HO)
)
:<-
(d:\Compiler\texmf\tex\generic\oberdiek\etexcmds.sty
Package: etexcmds 2007/12/12 v1.2 Prefix for e-TeX command names (HO)
(d:\Compiler\texmf\tex\generic\oberdiek\infwarerr.sty
Package: infwarerr 2007/09/09 v1.2 Providing info/warning/message (HO)
)
Package etexcmds Info: Could not find \expanded.
(etexcmds)             That can mean that you are not using pdfTeX 1.50 or
(etexcmds)             that some package has redefined \expanded.
(etexcmds)             In the latter case, load this package earlier.
) (d:\Compiler\texmf\tex\latex\00miktex\hyperref.cfg
File: hyperref.cfg 2002/06/06 v1.2 hyperref configuration of TeXLive
) (d:\Compiler\texmf\tex\latex\oberdiek\kvoptions.sty
Package: kvoptions 2007/10/18 v3.0 Keyval support for LaTeX options (HO)
)
Package hyperref Info: Hyper figures OFF on input line 2935.
Package hyperref Info: Link nesting OFF on input line 2940.
Package hyperref Info: Hyper index ON on input line 2943.
Package hyperref Info: Plain pages OFF on input line 2950.
Package hyperref Info: Backreferencing OFF on input line 2955.
Implicit mode ON; LaTeX internals redefined
Package hyperref Info: Bookmarks ON on input line 3145.
LaTeX Info: Redefining \href on input line 3363.
LaTeX Info: Redefining \url on input line 3382.
(d:\Compiler\texmf\tex\generic\oberdiek\bitset.sty
Package: bitset 2007/09/28 v1.0 Data type bit set (HO)
(d:\Compiler\texmf\tex\generic\oberdiek\intcalc.sty
Package: intcalc 2007/09/27 v1.1 Expandable integer calculations (HO)
) (d:\Compiler\texmf\tex\generic\oberdiek\bigintcalc.sty
Package: bigintcalc 2007/11/11 v1.1 Expandable big integer calculations (HO)
(d:\Compiler\texmf\tex\generic\oberdiek\pdftexcmds.sty
Package: pdftexcmds 2007/12/12 v0.3 LuaTeX support for pdfTeX utility functions
 (HO)
Package pdftexcmds Info: LuaTeX not detected on input line 139.
))) (d:\Compiler\texmf\tex\generic\oberdiek\kvsetkeys.sty
Package: kvsetkeys 2007/09/29 v1.3 Key value parser with default handler suppor
t (HO)
)
\Fld@menulength=\count112
\Field@Width=\dimen119
\Fld@charsize=\dimen120
\Field@toks=\toks36
Package hyperref Info: Hyper figures OFF on input line 4299.
Package hyperref Info: Link nesting OFF on input line 4304.
Package hyperref Info: Hyper index ON on input line 4307.
Package hyperref Info: backreferencing OFF on input line 4314.
Package hyperref Info: Link coloring OFF on input line 4319.
Package hyperref Info: Link coloring with OCG OFF on input line 4324.
Package hyperref Info: PDF/A mode OFF on input line 4329.
(d:\Compiler\texmf\tex\generic\oberdiek\atbegshi.sty
Package: atbegshi 2008/07/31 v1.9 At begin shipout hook (HO)
)
\Hy@abspage=\count113
\c@Item=\count114
\c@Hfootnote=\count115
)
*hyperref using default driver hpdftex*
:<+ hpdftex.def
(d:\Compiler\texmf\tex\latex\hyperref\hpdftex.def
File: hpdftex.def 2009/02/22 v6.78p Hyperref driver for pdfTeX
\Fld@listcount=\count116
)
:<-

Package hyperref Warning: Option `backref' has already been used,
(hyperref)                setting the option has no effect on input line 33.


Package hyperref Warning: Option `hyperindex' has already been used,
(hyperref)                setting the option has no effect on input line 33.

Package hyperref Info: Option `colorlinks' set `true' on input line 33.

Package hyperref Warning: Option `pagebackref' has already been used,
(hyperref)                setting the option has no effect on input line 33.

Package hyperref Info: Option `linktocpage' set `true' on input line 33.
Package hyperref Info: Option `plainpages' set `false' on input line 33.
) (d:/Rcompile/recent/R-2.12.2/share/texmf/tex/latex\Sweave.sty
Package: Sweave 
(d:\Compiler\texmf\tex\latex\base\fontenc.sty
Package: fontenc 2005/09/27 v1.99g Standard LaTeX package
(d:\Compiler\texmf\tex\latex\base\t1enc.def
File: t1enc.def 2005/09/27 v1.99g Standard LaTeX file
LaTeX Font Info:    Redeclaring font encoding T1 on input line 43.
)) (d:\Compiler\texmf\tex\latex\ae\ae.sty
Package: ae 2001/02/12 1.3 Almost European Computer Modern
(d:\Compiler\texmf\tex\latex\base\fontenc.sty
Package: fontenc 2005/09/27 v1.99g Standard LaTeX package
(d:\Compiler\texmf\tex\latex\base\t1enc.def
File: t1enc.def 2005/09/27 v1.99g Standard LaTeX file
LaTeX Font Info:    Redeclaring font encoding T1 on input line 43.
)
LaTeX Font Info:    Try loading font information for T1+aer on input line 100.
(d:\Compiler\texmf\tex\latex\ae\t1aer.fd
File: t1aer.fd 1997/11/16 Font definitions for T1/aer.
))))
No file s3d.aux.
LaTeX Font Info:    Checking defaults for OML/cmm/m/it on input line 4.
LaTeX Font Info:    ... okay on input line 4.
LaTeX Font Info:    Checking defaults for T1/cmr/m/n on input line 4.
LaTeX Font Info:    ... okay on input line 4.
LaTeX Font Info:    Checking defaults for OT1/cmr/m/n on input line 4.
LaTeX Font Info:    ... okay on input line 4.
LaTeX Font Info:    Checking defaults for OMS/cmsy/m/n on input line 4.
LaTeX Font Info:    ... okay on input line 4.
LaTeX Font Info:    Checking defaults for OMX/cmex/m/n on input line 4.
LaTeX Font Info:    ... okay on input line 4.
LaTeX Font Info:    Checking defaults for U/cmr/m/n on input line 4.
LaTeX Font Info:    ... okay on input line 4.
LaTeX Font Info:    Checking defaults for TS1/cmr/m/n on input line 4.
LaTeX Font Info:    Try loading font information for TS1+cmr on input line 4.
(d:\Compiler\texmf\tex\latex\base\ts1cmr.fd
File: ts1cmr.fd 1999/05/25 v2.5h Standard LaTeX font definitions
)
LaTeX Font Info:    ... okay on input line 4.
LaTeX Font Info:    Checking defaults for PD1/pdf/m/n on input line 4.
LaTeX Font Info:    ... okay on input line 4.
(d:\Compiler\texmf\tex\context\base\supp-pdf.tex
[Loading MPS to PDF converter (version 2006.09.02).]
\scratchcounter=\count117
\scratchdimen=\dimen121
\scratchbox=\box35
\nofMPsegments=\count118
\nofMParguments=\count119
\everyMPshowfont=\toks37
\MPscratchCnt=\count120
\MPscratchDim=\dimen122
\MPnumerator=\count121
\everyMPtoPDFconversion=\toks38
)
Package hyperref Info: Link coloring ON on input line 4.
(d:\Compiler\texmf\tex\latex\hyperref\nameref.sty
Package: nameref 2007/05/29 v2.31 Cross-referencing by name of section
(d:\Compiler\texmf\tex\latex\oberdiek\refcount.sty
Package: refcount 2008/08/11 v3.1 Data extraction from references (HO)
)
\c@section@level=\count122
)
LaTeX Info: Redefining \ref on input line 4.
LaTeX Info: Redefining \pageref on input line 4.
\@outlinefile=\write4
\AtBeginShipoutBox=\box36
LaTeX Font Info:    Try loading font information for T1+aess on input line 8.
(d:\Compiler\texmf\tex\latex\ae\t1aess.fd
File: t1aess.fd 1997/11/16 Font definitions for T1/aess.
)
LaTeX Font Info:    Try loading font information for U+msa on input line 17.
(d:\Compiler\texmf\tex\latex\amsfonts\umsa.fd
File: umsa.fd 2002/01/19 v2.2g AMS font definitions
)
LaTeX Font Info:    Try loading font information for U+msb on input line 17.
(d:\Compiler\texmf\tex\latex\amsfonts\umsb.fd
File: umsb.fd 2002/01/19 v2.2g AMS font definitions
)
:<+ SFBs3d_Intro
(SFBs3d_Intro.tex

LaTeX Warning: Citation `r-ref' on page 1 undefined on input line 4.


LaTeX Warning: Citation `r-ref' on page 1 undefined on input line 4.

LaTeX Font Info:    Try loading font information for T1+aett on input line 6.
(d:\Compiler\texmf\tex\latex\ae\t1aett.fd
File: t1aett.fd 1997/11/16 Font definitions for T1/aett.
) [1



{C:/ProgramData/MiKTeX/2.7/pdftex/config/pdftex.map}]

LaTeX Warning: Citation `murrell00' on page 2 undefined on input line 22.


LaTeX Warning: Citation `murrell00' on page 2 undefined on input line 22.


LaTeX Warning: Reference `design' on page 2 undefined on input line 34.


LaTeX Warning: Reference `extend' on page 2 undefined on input line 35.


LaTeX Warning: Reference `examples' on page 2 undefined on input line 38.


LaTeX Warning: Reference `tools' on page 2 undefined on input line 40.


LaTeX Warning: Reference `conclusion' on page 2 undefined on input line 41.

)
:<-
:<+ SFBs3d_Design
(SFBs3d_Design.tex [2]

LaTeX Warning: Reference `tools' on page 3 undefined on input line 13.


LaTeX Warning: Citation `r-lang' on page 3 undefined on input line 19.


LaTeX Warning: Citation `r-lang' on page 3 undefined on input line 20.


LaTeX Warning: Citation `r-ext' on page 3 undefined on input line 20.


LaTeX Warning: Citation `r-ref' on page 3 undefined on input line 27.

[3]

LaTeX Warning: Citation `r-ref' on page 4 undefined on input line 56.


LaTeX Warning: Citation `r-ref' on page 4 undefined on input line 61.


LaTeX Warning: Citation `r-lang' on page 4 undefined on input line 73.


LaTeX Warning: Reference `xyzcoords' on page 4 undefined on input line 92.

[4]

LaTeX Warning: Reference `extend' on page 5 undefined on input line 113.

)
:<-
:<+ SFBs3d_Extend
(SFBs3d_Extend.tex [5]

LaTeX Warning: Reference `xyzcoords' on page 6 undefined on input line 19.


LaTeX Warning: Citation `r-ref' on page 6 undefined on input line 26.


LaTeX Warning: Reference `design' on page 6 undefined on input line 45.


LaTeX Warning: Reference `introduction' on page 6 undefined on input line 51.


LaTeX Warning: Reference `design' on page 6 undefined on input line 51.


LaTeX Warning: Reference `design' on page 6 undefined on input line 53.


LaTeX Warning: Reference `exR' on page 6 undefined on input line 58.

[6]

LaTeX Warning: Reference `structure' on page 7 undefined on input line 61.


LaTeX Warning: Citation `gentleman' on page 7 undefined on input line 66.


LaTeX Warning: Citation `gentleman' on page 7 undefined on input line 66.


Underfull \hbox (badness 10000) in paragraph at lines 85--88
[]\T1/aett/m/n/12 plane3d(Intercept, x.coef=NULL, y.coef=NULL, lty="dashed", ..
.)\T1/aer/m/n/12 .
 []


LaTeX Warning: Reference `examples' on page 7 undefined on input line 92.

[7])
:<-
:<+ SFBs3d_Examples
(SFBs3d_Examples.tex [8]

LaTeX Warning: Reference `helix' on page 9 undefined on input line 14.

<helix.pdf, id=72, 505.89pt x 505.89pt>
File: helix.pdf Graphic file (type pdf)
<use helix.pdf> [9

 <helix.pdf>]

LaTeX Warning: Reference `hemisphere' on page 10 undefined on input line 38.


LaTeX Warning: Reference `helix' on page 10 undefined on input line 39.

<hemisphere.pdf, id=87, 505.89pt x 505.89pt>
File: hemisphere.pdf Graphic file (type pdf)
<use hemisphere.pdf> [10

 <hemisphere.pdf>] <barplot.pdf, id=102, 505.89pt x 505.89pt>
File: barplot.pdf Graphic file (type pdf)
<use barplot.pdf> [11

 <barplot.pdf>]

LaTeX Warning: Reference `extend' on page 12 undefined on input line 90.

[12

] <elements.pdf, id=122, 505.89pt x 505.89pt>
File: elements.pdf Graphic file (type pdf)
<use elements.pdf>

LaTeX Warning: Reference `binorm' on page 13 undefined on input line 130.

[13

 <elements.pdf>] [14

] <binorm.pdf, id=142, 505.89pt x 505.89pt>
File: binorm.pdf Graphic file (type pdf)
<use binorm.pdf>

LaTeX Warning: Reference `colorcube' on page 15 undefined on input line 183.

LaTeX Font Info:    Try loading font information for TS1+aett on input line 207
.
(d:/Rcompile/recent/R-2.12.2/share/texmf/tex/latex\ts1aett.fd
File: ts1aett.fd 
)
LaTeX Font Info:    Try loading font information for TS1+cmtt on input line 207
.
(d:\Compiler\texmf\tex\latex\base\ts1cmtt.fd
File: ts1cmtt.fd 1999/05/25 v2.5h Standard LaTeX font definitions
)
LaTeX Font Info:    Font shape `TS1/aett/m/n' in size <10.95> not available
(Font)              Font shape `TS1/cmtt/m/n' tried instead on input line 207.
<colorcube.pdf, id=143, 867.24pt x 433.62pt>
File: colorcube.pdf Graphic file (type pdf)
<use colorcube.pdf> [15

 <binorm.pdf>] [16 <colorcube.pdf>]

LaTeX Warning: Citation `knapp02' on page 17 undefined on input line 270.


LaTeX Warning: Reference `fig:meta' on page 17 undefined on input line 272.


LaTeX Warning: Reference `fig:meta' on page 17 undefined on input line 277.

[17

] [18] <meta.pdf, id=182, 505.89pt x 578.16pt>
File: meta.pdf Graphic file (type pdf)
<use meta.pdf> [19 <meta.pdf>]

LaTeX Warning: Reference `StyFacts' on page 20 undefined on input line 339.


LaTeX Warning: Citation `heilemann' on page 20 undefined on input line 356.


LaTeX Warning: Reference `business' on page 20 undefined on input line 360.


LaTeX Warning: Reference `meta' on page 20 undefined on input line 368.


LaTeX Warning: Citation `theis99' on page 20 undefined on input line 374.


LaTeX Warning: Reference `residuals' on page 20 undefined on input line 377.

<business.pdf, id=197, 505.89pt x 578.16pt>
File: business.pdf Graphic file (type pdf)
<use business.pdf> [20

]
Overfull \vbox (1.87103pt too high) has occurred while \output is active []

[21 <business.pdf>] <residuals.pdf, id=217, 505.89pt x 505.89pt>
File: residuals.pdf Graphic file (type pdf)
<use residuals.pdf>

LaTeX Warning: Reference `business' on page 22 undefined on input line 419.

[22 <residuals.pdf>]

LaTeX Warning: Citation `tong93' on page 23 undefined on input line 425.


LaTeX Warning: Citation `tong93' on page 23 undefined on input line 425.


LaTeX Warning: Citation `busse' on page 23 undefined on input line 429.


LaTeX Warning: Citation `weinert' on page 23 undefined on input line 429.


LaTeX Warning: Reference `drill1' on page 23 undefined on input line 431.


LaTeX Warning: Reference `drill2' on page 23 undefined on input line 435.

<drill1.pdf, id=231, 505.89pt x 505.89pt>
File: drill1.pdf Graphic file (type pdf)
<use drill1.pdf> <drill2.pdf, id=232, 505.89pt x 505.89pt>
File: drill2.pdf Graphic file (type pdf)
<use drill2.pdf>

LaTeX Warning: Reference `drill1' on page 23 undefined on input line 466.


LaTeX Warning: Float too large for page by 21.358pt on input line 467.

[23

] [24 <drill1.pdf> <drill2.pdf>])
:<-
:<+ SFBs3d_Related
(SFBs3d_Related.tex

LaTeX Warning: Citation `swayne98' on page 25 undefined on input line 6.


LaTeX Warning: Citation `swayne98' on page 25 undefined on input line 6.


LaTeX Warning: Citation `swayne91' on page 25 undefined on input line 9.


LaTeX Warning: Citation `swayne91' on page 25 undefined on input line 9.


LaTeX Warning: Citation `swayne02' on page 25 undefined on input line 14.


LaTeX Warning: Citation `swayne02' on page 25 undefined on input line 14.


LaTeX Warning: Citation `temple01' on page 25 undefined on input line 16.


LaTeX Warning: Citation `temple01' on page 25 undefined on input line 16.


LaTeX Warning: Citation `temple00' on page 25 undefined on input line 18.


LaTeX Warning: Citation `temple00' on page 25 undefined on input line 18.


LaTeX Warning: Citation `AdlerNenadic2003' on page 25 undefined on input line 2
6.


LaTeX Warning: Citation `AdlerNenadic2003' on page 25 undefined on input line 2
6.


LaTeX Warning: Citation `murdoch' on page 25 undefined on input line 34.


LaTeX Warning: Citation `murdoch' on page 25 undefined on input line 34.


LaTeX Warning: Citation `sarkar02' on page 25 undefined on input line 40.


LaTeX Warning: Citation `sarkar02' on page 25 undefined on input line 40.


LaTeX Warning: Citation `murrell01' on page 25 undefined on input line 40.


LaTeX Warning: Citation `murrell01' on page 25 undefined on input line 40.


LaTeX Warning: Citation `becker96' on page 25 undefined on input line 44.


LaTeX Warning: Citation `cleveland' on page 25 undefined on input line 44.

)
:<-
:<+ SFBs3d_Conclusion
(SFBs3d_Conclusion.tex

LaTeX Warning: Reference `design' on page 25 undefined on input line 2.


LaTeX Warning: Reference `extend' on page 25 undefined on input line 3.


LaTeX Warning: Reference `examples' on page 25 undefined on input line 4.

[25

]

LaTeX Warning: Reference `tools' on page 26 undefined on input line 8.

)
:<-
:<+ s3d.bbl
No file s3d.bbl.
:<-
[26]
:<+ scatterplot3d-help
(scatterplot3d-help.tex [27

] [28]
Underfull \hbox (badness 10000) in paragraph at lines 79--86
[][]\T1/aer/m/n/10.95 function which draws a plane into the ex-ist-ing plot:
 []


Underfull \hbox (badness 10000) in paragraph at lines 79--86
\T1/aett/m/n/10.95 plane3d(Intercept, x.coef = NULL, y.coef = NULL, lty =
 []

[29]
Underfull \hbox (badness 10000) in paragraph at lines 106--108
[][]\T1/aer/m/n/10.95 Uwe Ligges $\OMS/cmsy/m/n/10.95 h$\T1/aer/m/n/10.95 ligge
s@statistik.tu-dortmund.de$\OMS/cmsy/m/n/10.95 i$\T1/aer/m/n/10.95 ; [][]$[]\T1
/aett/m/n/10.95 http : / / www . statistik .
 []

[30] [31] [32])
:<-
[33] (s3d.aux)

LaTeX Warning: There were undefined references.


LaTeX Warning: Label(s) may have changed. Rerun to get cross-references right.

 ) 
Here is how much of TeX's memory you used:
 7054 strings out of 95304
 93254 string characters out of 1183451
 163285 words of memory out of 1500000
 9920 multiletter control sequences out of 110000
 64403 words of font info for 138 fonts, out of 3000000 for 5000
 14 hyphenation exceptions out of 8191
 40i,8n,42p,366b,616s stack positions out of 5000i,500n,10000p,200000b,50000s
{d:/Compiler/texmf/fonts/enc/dvips/cm-super/cm-super-ts1.enc}<d:/Compiler/tex
mf/fonts/type1/bluesky/cm/cmbx12.pfb><d:/Compiler/texmf/fonts/type1/bluesky/cm/
cmbxti10.pfb><d:/Compiler/texmf/fonts/type1/bluesky/cm/cmmi10.pfb><d:/Compiler/
texmf/fonts/type1/bluesky/cm/cmmi12.pfb><d:/Compiler/texmf/fonts/type1/bluesky/
cm/cmmi8.pfb><d:/Compiler/texmf/fonts/type1/bluesky/cm/cmr10.pfb><d:/Compiler/t
exmf/fonts/type1/bluesky/cm/cmr12.pfb><d:/Compiler/texmf/fonts/type1/bluesky/cm
/cmr7.pfb><d:/Compiler/texmf/fonts/type1/bluesky/cm/cmr8.pfb><d:/Compiler/texmf
/fonts/type1/bluesky/cm/cmsl10.pfb><d:/Compiler/texmf/fonts/type1/bluesky/cm/cm
sl12.pfb><d:/Compiler/texmf/fonts/type1/bluesky/cm/cmss12.pfb><d:/Compiler/texm
f/fonts/type1/bluesky/cm/cmss17.pfb><d:/Compiler/texmf/fonts/type1/bluesky/cm/c
msy10.pfb><d:/Compiler/texmf/fonts/type1/bluesky/cm/cmti10.pfb><d:/Compiler/tex
mf/fonts/type1/bluesky/cm/cmti12.pfb><d:/Compiler/texmf/fonts/type1/bluesky/cm/
cmtt10.pfb><d:/Compiler/texmf/fonts/type1/bluesky/cm/cmtt12.pfb><d:/Compiler/te
xmf/fonts/type1/public/cm-super/sftt1095.pfb>
Output written on s3d.pdf (33 pages, 422207 bytes).
PDF statistics:
 405 PDF objects out of 1000 (max. 8388607)
 84 named destinations out of 1000 (max. 131072)
 68 words of extra memory for PDF output out of 10000 (max. 10000000)

